[2025-04-08 12:41:24Z INFO HostContext] No proxy settings were found based on environmental variables (http_proxy/https_proxy/HTTP_PROXY/HTTPS_PROXY)
[2025-04-08 12:41:24Z INFO HostContext] Well known directory 'Bin': '/Users/kimjueon/Desktop/develop/spring/school/actions-runner/bin'
[2025-04-08 12:41:24Z INFO HostContext] Well known directory 'Root': '/Users/kimjueon/Desktop/develop/spring/school/actions-runner'
[2025-04-08 12:41:24Z INFO HostContext] Well known config file 'Credentials': '/Users/kimjueon/Desktop/develop/spring/school/actions-runner/.credentials'
[2025-04-08 12:41:24Z INFO HostContext] Well known directory 'Bin': '/Users/kimjueon/Desktop/develop/spring/school/actions-runner/bin'
[2025-04-08 12:41:24Z INFO HostContext] Well known directory 'Root': '/Users/kimjueon/Desktop/develop/spring/school/actions-runner'
[2025-04-08 12:41:24Z INFO HostContext] Well known config file 'Runner': '/Users/kimjueon/Desktop/develop/spring/school/actions-runner/.runner'
[2025-04-08 12:41:24Z INFO Listener] Runner is built for OSX (X64) - osx-x64.
[2025-04-08 12:41:24Z INFO Listener] RuntimeInformation: Darwin 24.3.0 Darwin Kernel Version 24.3.0: Thu Jan  2 20:24:06 PST 2025; root:xnu-11215.81.4~3/RELEASE_ARM64_T8103.
[2025-04-08 12:41:24Z INFO Listener] Version: 2.323.0
[2025-04-08 12:41:24Z INFO Listener] Commit: d8b82f44a9ec0258904d5869ae683c31d5aac299
[2025-04-08 12:41:24Z INFO Listener] Culture: ko-KR
[2025-04-08 12:41:24Z INFO Listener] UI Culture: ko-KR
[2025-04-08 12:41:24Z INFO HostContext] Well known directory 'Bin': '/Users/kimjueon/Desktop/develop/spring/school/actions-runner/bin'
[2025-04-08 12:41:24Z INFO HostContext] Well known directory 'Root': '/Users/kimjueon/Desktop/develop/spring/school/actions-runner'
[2025-04-08 12:41:24Z INFO Listener] Validating directory permissions for: '/Users/kimjueon/Desktop/develop/spring/school/actions-runner'
[2025-04-08 12:41:24Z INFO CommandLineParser] Parse
[2025-04-08 12:41:24Z INFO CommandLineParser] Parsing 5 args
[2025-04-08 12:41:24Z INFO CommandLineParser] parsing argument
[2025-04-08 12:41:24Z INFO CommandLineParser] HasArgs: False
[2025-04-08 12:41:24Z INFO CommandLineParser] Adding Command: configure
[2025-04-08 12:41:24Z INFO CommandLineParser] parsing argument
[2025-04-08 12:41:24Z INFO CommandLineParser] HasArgs: True
[2025-04-08 12:41:24Z INFO CommandLineParser] arg: url
[2025-04-08 12:41:24Z INFO CommandLineParser] parsing argument
[2025-04-08 12:41:24Z INFO CommandLineParser] HasArgs: True
[2025-04-08 12:41:24Z INFO CommandLineParser] Adding option 'url': 'https://github.com/jueon-kim/ncmnschool'
[2025-04-08 12:41:24Z INFO CommandLineParser] parsing argument
[2025-04-08 12:41:24Z INFO CommandLineParser] HasArgs: True
[2025-04-08 12:41:24Z INFO CommandLineParser] arg: token
[2025-04-08 12:41:24Z INFO CommandLineParser] parsing argument
[2025-04-08 12:41:24Z INFO CommandLineParser] HasArgs: True
[2025-04-08 12:41:24Z INFO CommandLineParser] Adding option 'token': '***'
[2025-04-08 12:41:24Z INFO Listener] Arguments parsed
[2025-04-08 12:41:24Z INFO Runner] ExecuteCommand
[2025-04-08 12:41:24Z INFO ConfigurationStore] currentAssemblyLocation: /Users/kimjueon/Desktop/develop/spring/school/actions-runner/bin/Runner.Listener.dll
[2025-04-08 12:41:24Z INFO HostContext] Well known directory 'Bin': '/Users/kimjueon/Desktop/develop/spring/school/actions-runner/bin'
[2025-04-08 12:41:24Z INFO ConfigurationStore] binPath: /Users/kimjueon/Desktop/develop/spring/school/actions-runner/bin
[2025-04-08 12:41:24Z INFO HostContext] Well known directory 'Bin': '/Users/kimjueon/Desktop/develop/spring/school/actions-runner/bin'
[2025-04-08 12:41:24Z INFO HostContext] Well known directory 'Root': '/Users/kimjueon/Desktop/develop/spring/school/actions-runner'
[2025-04-08 12:41:24Z INFO ConfigurationStore] RootFolder: /Users/kimjueon/Desktop/develop/spring/school/actions-runner
[2025-04-08 12:41:24Z INFO HostContext] Well known directory 'Bin': '/Users/kimjueon/Desktop/develop/spring/school/actions-runner/bin'
[2025-04-08 12:41:24Z INFO HostContext] Well known directory 'Root': '/Users/kimjueon/Desktop/develop/spring/school/actions-runner'
[2025-04-08 12:41:24Z INFO HostContext] Well known config file 'Runner': '/Users/kimjueon/Desktop/develop/spring/school/actions-runner/.runner'
[2025-04-08 12:41:24Z INFO ConfigurationStore] ConfigFilePath: /Users/kimjueon/Desktop/develop/spring/school/actions-runner/.runner
[2025-04-08 12:41:24Z INFO HostContext] Well known directory 'Bin': '/Users/kimjueon/Desktop/develop/spring/school/actions-runner/bin'
[2025-04-08 12:41:24Z INFO HostContext] Well known directory 'Root': '/Users/kimjueon/Desktop/develop/spring/school/actions-runner'
[2025-04-08 12:41:24Z INFO HostContext] Well known config file 'MigratedRunner': '/Users/kimjueon/Desktop/develop/spring/school/actions-runner/.runner_migrated'
[2025-04-08 12:41:24Z INFO ConfigurationStore] MigratedConfigFilePath: /Users/kimjueon/Desktop/develop/spring/school/actions-runner/.runner_migrated
[2025-04-08 12:41:24Z INFO HostContext] Well known directory 'Bin': '/Users/kimjueon/Desktop/develop/spring/school/actions-runner/bin'
[2025-04-08 12:41:24Z INFO HostContext] Well known directory 'Root': '/Users/kimjueon/Desktop/develop/spring/school/actions-runner'
[2025-04-08 12:41:24Z INFO HostContext] Well known config file 'Credentials': '/Users/kimjueon/Desktop/develop/spring/school/actions-runner/.credentials'
[2025-04-08 12:41:24Z INFO ConfigurationStore] CredFilePath: /Users/kimjueon/Desktop/develop/spring/school/actions-runner/.credentials
[2025-04-08 12:41:24Z INFO HostContext] Well known directory 'Bin': '/Users/kimjueon/Desktop/develop/spring/school/actions-runner/bin'
[2025-04-08 12:41:24Z INFO HostContext] Well known directory 'Root': '/Users/kimjueon/Desktop/develop/spring/school/actions-runner'
[2025-04-08 12:41:24Z INFO HostContext] Well known config file 'MigratedCredentials': '/Users/kimjueon/Desktop/develop/spring/school/actions-runner/.credentials_migrated'
[2025-04-08 12:41:24Z INFO ConfigurationStore] MigratedCredFilePath: /Users/kimjueon/Desktop/develop/spring/school/actions-runner/.credentials_migrated
[2025-04-08 12:41:24Z INFO HostContext] Well known directory 'Bin': '/Users/kimjueon/Desktop/develop/spring/school/actions-runner/bin'
[2025-04-08 12:41:24Z INFO HostContext] Well known directory 'Root': '/Users/kimjueon/Desktop/develop/spring/school/actions-runner'
[2025-04-08 12:41:24Z INFO HostContext] Well known config file 'Service': '/Users/kimjueon/Desktop/develop/spring/school/actions-runner/.service'
[2025-04-08 12:41:24Z INFO ConfigurationStore] ServiceConfigFilePath: /Users/kimjueon/Desktop/develop/spring/school/actions-runner/.service
[2025-04-08 12:41:24Z INFO CommandSettings] Flag 'help': 'False'
[2025-04-08 12:41:24Z INFO CommandSettings] Flag 'version': 'False'
[2025-04-08 12:41:24Z INFO CommandSettings] Flag 'commit': 'False'
[2025-04-08 12:41:24Z INFO CommandSettings] Flag 'check': 'False'
[2025-04-08 12:41:25Z INFO CommandSettings] Command 'configure': 'True'
[2025-04-08 12:41:25Z INFO Terminal] WRITE LINE: 
[2025-04-08 12:41:25Z INFO Terminal] WRITE LINE: --------------------------------------------------------------------------------
[2025-04-08 12:41:25Z INFO Terminal] WRITE LINE: |        ____ _ _   _   _       _          _        _   _                      |
[2025-04-08 12:41:25Z INFO Terminal] WRITE LINE: |       / ___(_) |_| | | |_   _| |__      / \   ___| |_(_) ___  _ __  ___      |
[2025-04-08 12:41:25Z INFO Terminal] WRITE LINE: |      | |  _| | __| |_| | | | | '_ \    / _ \ / __| __| |/ _ \| '_ \/ __|     |
[2025-04-08 12:41:25Z INFO Terminal] WRITE LINE: |      | |_| | | |_|  _  | |_| | |_) |  / ___ \ (__| |_| | (_) | | | \__ \     |
[2025-04-08 12:41:25Z INFO Terminal] WRITE LINE: |       \____|_|\__|_| |_|\__,_|_.__/  /_/   \_\___|\__|_|\___/|_| |_|___/     |
[2025-04-08 12:41:25Z INFO Terminal] WRITE LINE: |                                                                              |
[2025-04-08 12:41:25Z INFO Terminal] WRITE: |                       
[2025-04-08 12:41:25Z INFO Terminal] WRITE: Self-hosted runner registration
[2025-04-08 12:41:25Z INFO Terminal] WRITE LINE:                         |
[2025-04-08 12:41:25Z INFO Terminal] WRITE LINE: |                                                                              |
[2025-04-08 12:41:25Z INFO Terminal] WRITE LINE: --------------------------------------------------------------------------------
[2025-04-08 12:41:25Z INFO ConfigurationManager] ConfigureAsync
[2025-04-08 12:41:25Z INFO CommandSettings] Flag 'generateServiceConfig': 'False'
[2025-04-08 12:41:25Z INFO ConfigurationStore] IsConfigured()
[2025-04-08 12:41:25Z INFO ConfigurationStore] IsConfigured: False
[2025-04-08 12:41:25Z INFO ConfigurationManager] Is configured: False
[2025-04-08 12:41:25Z INFO CommandSettings] Arg 'url': 'https://github.com/jueon-kim/ncmnschool'
[2025-04-08 12:41:25Z INFO CommandSettings] Remove url from Arg dictionary.
[2025-04-08 12:41:25Z INFO CommandSettings] Arg 'token': '***'
[2025-04-08 12:41:25Z INFO CommandSettings] Remove token from Arg dictionary.
[2025-04-08 12:41:29Z INFO ConfigurationManager] Http response code: OK from 'POST https://api.github.com/actions/runner-registration' (C56C:27D483:480390:60BB6E:67F51979)
[2025-04-08 12:41:30Z INFO ConfigurationManager] Using V2 flow: False
[2025-04-08 12:41:30Z INFO ConfigurationManager] cred retrieved via GitHub auth
[2025-04-08 12:41:30Z INFO RunnerServer] EstablishVssConnection
[2025-04-08 12:41:30Z INFO RunnerServer] Establish connection with 100 seconds timeout.
[2025-04-08 12:41:30Z INFO GitHubActionsService] Starting operation Location.GetConnectionData
[2025-04-08 12:41:30Z INFO RunnerServer] EstablishVssConnection
[2025-04-08 12:41:30Z INFO RunnerServer] Establish connection with 60 seconds timeout.
[2025-04-08 12:41:30Z INFO GitHubActionsService] Starting operation Location.GetConnectionData
[2025-04-08 12:41:30Z INFO RunnerServer] EstablishVssConnection
[2025-04-08 12:41:30Z INFO RunnerServer] Establish connection with 60 seconds timeout.
[2025-04-08 12:41:30Z INFO GitHubActionsService] Starting operation Location.GetConnectionData
[2025-04-08 12:41:32Z INFO GitHubActionsService] Finished operation Location.GetConnectionData
[2025-04-08 12:41:32Z INFO GitHubActionsService] Finished operation Location.GetConnectionData
[2025-04-08 12:41:32Z INFO GitHubActionsService] Finished operation Location.GetConnectionData
[2025-04-08 12:41:32Z INFO Terminal] WRITE LINE: 
[2025-04-08 12:41:32Z INFO ConfigurationManager] Test Connection complete.
[2025-04-08 12:41:32Z INFO HostContext] Well known directory 'Bin': '/Users/kimjueon/Desktop/develop/spring/school/actions-runner/bin'
[2025-04-08 12:41:32Z INFO HostContext] Well known directory 'Root': '/Users/kimjueon/Desktop/develop/spring/school/actions-runner'
[2025-04-08 12:41:32Z INFO HostContext] Well known config file 'RSACredentials': '/Users/kimjueon/Desktop/develop/spring/school/actions-runner/.credentials_rsaparams'
[2025-04-08 12:41:32Z INFO RSAFileKeyManager] Creating new RSA key using 2048-bit key length
[2025-04-08 12:41:32Z INFO RSAFileKeyManager] Successfully saved RSA key parameters to file /Users/kimjueon/Desktop/develop/spring/school/actions-runner/.credentials_rsaparams
[2025-04-08 12:41:32Z INFO RSAFileKeyManager] Which2: 'chmod'
[2025-04-08 12:41:32Z INFO RSAFileKeyManager] Location: '/bin/chmod'
[2025-04-08 12:41:32Z INFO HostContext] Well known directory 'Bin': '/Users/kimjueon/Desktop/develop/spring/school/actions-runner/bin'
[2025-04-08 12:41:32Z INFO HostContext] Well known directory 'Root': '/Users/kimjueon/Desktop/develop/spring/school/actions-runner'
[2025-04-08 12:41:32Z INFO ProcessInvokerWrapper] Starting process:
[2025-04-08 12:41:32Z INFO ProcessInvokerWrapper]   File name: '/bin/chmod'
[2025-04-08 12:41:32Z INFO ProcessInvokerWrapper]   Arguments: '600 /Users/kimjueon/Desktop/develop/spring/school/actions-runner/.credentials_rsaparams'
[2025-04-08 12:41:32Z INFO ProcessInvokerWrapper]   Working directory: '/Users/kimjueon/Desktop/develop/spring/school/actions-runner'
[2025-04-08 12:41:32Z INFO ProcessInvokerWrapper]   Require exit code zero: 'False'
[2025-04-08 12:41:32Z INFO ProcessInvokerWrapper]   Encoding web name:  ; code page: ''
[2025-04-08 12:41:32Z INFO ProcessInvokerWrapper]   Force kill process on cancellation: 'False'
[2025-04-08 12:41:32Z INFO ProcessInvokerWrapper]   Redirected STDIN: 'False'
[2025-04-08 12:41:32Z INFO ProcessInvokerWrapper]   Persist current code page: 'False'
[2025-04-08 12:41:32Z INFO ProcessInvokerWrapper]   Keep redirected STDIN open: 'False'
[2025-04-08 12:41:32Z INFO ProcessInvokerWrapper]   High priority process: 'False'
[2025-04-08 12:41:33Z INFO ProcessInvokerWrapper] Process started with process id 4444, waiting for process exit.
[2025-04-08 12:41:33Z INFO ProcessInvokerWrapper] STDOUT/STDERR stream read finished.
[2025-04-08 12:41:33Z INFO ProcessInvokerWrapper] STDOUT/STDERR stream read finished.
[2025-04-08 12:41:33Z INFO ProcessInvokerWrapper] Finished process 4444 with exit code 0, and elapsed time 00:00:00.8931267.
[2025-04-08 12:41:33Z INFO RSAFileKeyManager] Successfully set permissions for RSA key parameters file /Users/kimjueon/Desktop/develop/spring/school/actions-runner/.credentials_rsaparams
[2025-04-08 12:41:34Z INFO CommandSettings] Arg 'runnergroup': ''
[2025-04-08 12:41:34Z INFO CommandSettings] Flag 'unattended': 'False'
[2025-04-08 12:41:34Z INFO PromptManager] ReadValue
[2025-04-08 12:41:34Z INFO Terminal] WRITE: Enter the name of the runner group to add this runner to: 
[2025-04-08 12:41:34Z INFO Terminal] WRITE: [press Enter for Default] 
[2025-04-08 12:41:34Z INFO Terminal] READ LINE
[2025-04-08 12:41:38Z INFO Terminal] Read value: ''
[2025-04-08 12:41:38Z INFO PromptManager] Falling back to the default: 'Default'
[2025-04-08 12:41:38Z INFO Terminal] WRITE LINE: 
[2025-04-08 12:41:38Z INFO ConfigurationManager] Found a self-hosted runner group with id 1 and name Default
[2025-04-08 12:41:38Z INFO CommandSettings] Flag 'disableupdate': 'False'
[2025-04-08 12:41:38Z INFO CommandSettings] Flag 'ephemeral': 'False'
[2025-04-08 12:41:38Z INFO CommandSettings] Arg 'name': ''
[2025-04-08 12:41:38Z INFO CommandSettings] Flag 'unattended': 'False'
[2025-04-08 12:41:38Z INFO PromptManager] ReadValue
[2025-04-08 12:41:38Z INFO Terminal] WRITE: Enter the name of runner: 
[2025-04-08 12:41:38Z INFO Terminal] WRITE: [press Enter for gimjueon-ui-MacBookAir] 
[2025-04-08 12:41:38Z INFO Terminal] READ LINE
[2025-04-08 12:41:40Z INFO Terminal] Read value: ''
[2025-04-08 12:41:40Z INFO PromptManager] Falling back to the default: 'gimjueon-ui-MacBookAir'
[2025-04-08 12:41:40Z INFO Terminal] WRITE LINE: 
[2025-04-08 12:41:40Z INFO CommandSettings] Arg 'labels': ''
[2025-04-08 12:41:40Z INFO CommandSettings] Flag 'unattended': 'False'
[2025-04-08 12:41:40Z INFO PromptManager] ReadValue
[2025-04-08 12:41:40Z INFO Terminal] WRITE: This runner will have the following labels: 'self-hosted', 'macOS', 'X64' 
Enter any additional labels (ex. label-1,label-2): 
[2025-04-08 12:41:40Z INFO Terminal] WRITE: [press Enter to skip] 
[2025-04-08 12:41:40Z INFO Terminal] READ LINE
[2025-04-08 12:41:41Z INFO Terminal] Read value: ''
[2025-04-08 12:41:41Z INFO Terminal] WRITE LINE: 
[2025-04-08 12:41:41Z INFO CommandSettings] Flag 'disableupdate': 'False'
[2025-04-08 12:41:41Z INFO CommandSettings] Flag 'no-default-labels': 'False'
[2025-04-08 12:41:42Z INFO CommandSettings] Flag 'disableupdate': 'False'
[2025-04-08 12:41:42Z INFO CommandSettings] Flag 'ephemeral': 'False'
[2025-04-08 12:41:42Z INFO ConfigurationStore] Saving OAuth credential @ /Users/kimjueon/Desktop/develop/spring/school/actions-runner/.credentials
[2025-04-08 12:41:42Z INFO ConfigurationStore] Credentials Saved.
[2025-04-08 12:41:42Z INFO ConfigurationStore] HasCredentials()
[2025-04-08 12:41:42Z INFO ConfigurationStore] stored True
[2025-04-08 12:41:42Z INFO CredentialManager] GetCredentialProvider
[2025-04-08 12:41:42Z INFO CredentialManager] Creating type OAuth
[2025-04-08 12:41:42Z INFO CredentialManager] Creating credential type: OAuth
[2025-04-08 12:41:42Z INFO RSAFileKeyManager] Loading RSA key parameters from file /Users/kimjueon/Desktop/develop/spring/school/actions-runner/.credentials_rsaparams
[2025-04-08 12:41:42Z INFO RunnerServer] EstablishVssConnection
[2025-04-08 12:41:42Z INFO RunnerServer] Establish connection with 100 seconds timeout.
[2025-04-08 12:41:42Z INFO GitHubActionsService] Starting operation Location.GetConnectionData
[2025-04-08 12:41:42Z INFO RunnerServer] EstablishVssConnection
[2025-04-08 12:41:42Z INFO RunnerServer] Establish connection with 60 seconds timeout.
[2025-04-08 12:41:42Z INFO GitHubActionsService] Starting operation Location.GetConnectionData
[2025-04-08 12:41:42Z INFO RunnerServer] EstablishVssConnection
[2025-04-08 12:41:42Z INFO RunnerServer] Establish connection with 60 seconds timeout.
[2025-04-08 12:41:42Z INFO GitHubActionsService] Starting operation Location.GetConnectionData
[2025-04-08 12:41:43Z INFO GitHubActionsService] Finished operation Location.GetConnectionData
[2025-04-08 12:41:43Z INFO GitHubActionsService] Finished operation Location.GetConnectionData
[2025-04-08 12:41:43Z INFO GitHubActionsService] Finished operation Location.GetConnectionData
[2025-04-08 12:41:43Z INFO RSAFileKeyManager] Loading RSA key parameters from file /Users/kimjueon/Desktop/develop/spring/school/actions-runner/.credentials_rsaparams
[2025-04-08 12:41:43Z INFO RSAFileKeyManager] Loading RSA key parameters from file /Users/kimjueon/Desktop/develop/spring/school/actions-runner/.credentials_rsaparams
[2025-04-08 12:41:44Z INFO GitHubActionsService] AAD Correlation ID for this token request: Unknown
[2025-04-08 12:41:44Z INFO CommandSettings] Arg 'work': ''
[2025-04-08 12:41:44Z INFO CommandSettings] Flag 'unattended': 'False'
[2025-04-08 12:41:44Z INFO PromptManager] ReadValue
[2025-04-08 12:41:44Z INFO Terminal] WRITE: Enter name of work folder: 
[2025-04-08 12:41:44Z INFO Terminal] WRITE: [press Enter for _work] 
[2025-04-08 12:41:44Z INFO Terminal] READ LINE
[2025-04-08 12:41:49Z INFO Terminal] Read value: ''
[2025-04-08 12:41:49Z INFO PromptManager] Falling back to the default: '_work'
[2025-04-08 12:41:49Z INFO ConfigurationStore] Saving runner settings.
[2025-04-08 12:41:49Z INFO ConfigurationStore] Settings Saved.
[2025-04-08 12:41:49Z INFO Terminal] WRITE LINE: 
[2025-04-08 12:41:49Z INFO Terminal] WRITE LINE: 
[2025-04-08 12:41:49Z INFO OsxServiceControlManager] Service name 'actions.runner.jueon-kim-ncmnschool.gimjueon-ui-MacBookAir' display name 'GitHub Actions Runner (jueon-kim-ncmnschool.gimjueon-ui-MacBookAir)' will be used for service configuration.
[2025-04-08 12:41:49Z INFO HostContext] Well known directory 'Bin': '/Users/kimjueon/Desktop/develop/spring/school/actions-runner/bin'
[2025-04-08 12:41:49Z INFO HostContext] Well known directory 'Root': '/Users/kimjueon/Desktop/develop/spring/school/actions-runner'
[2025-04-08 12:41:49Z INFO HostContext] Well known directory 'Bin': '/Users/kimjueon/Desktop/develop/spring/school/actions-runner/bin'
[2025-04-08 12:41:49Z INFO HostContext] Well known directory 'Bin': '/Users/kimjueon/Desktop/develop/spring/school/actions-runner/bin'
[2025-04-08 12:41:49Z INFO HostContext] Well known directory 'Root': '/Users/kimjueon/Desktop/develop/spring/school/actions-runner'
[2025-04-08 12:41:49Z INFO UnixUtil] Which2: 'chmod'
[2025-04-08 12:41:49Z INFO UnixUtil] Location: '/bin/chmod'
[2025-04-08 12:41:49Z INFO UnixUtil] Running /bin/chmod 755 "/Users/kimjueon/Desktop/develop/spring/school/actions-runner/svc.sh"
[2025-04-08 12:41:49Z INFO ProcessInvokerWrapper] Starting process:
[2025-04-08 12:41:49Z INFO ProcessInvokerWrapper]   File name: '/bin/chmod'
[2025-04-08 12:41:49Z INFO ProcessInvokerWrapper]   Arguments: '755 "/Users/kimjueon/Desktop/develop/spring/school/actions-runner/svc.sh"'
[2025-04-08 12:41:49Z INFO ProcessInvokerWrapper]   Working directory: '/Users/kimjueon/Desktop/develop/spring/school/actions-runner'
[2025-04-08 12:41:49Z INFO ProcessInvokerWrapper]   Require exit code zero: 'True'
[2025-04-08 12:41:49Z INFO ProcessInvokerWrapper]   Encoding web name:  ; code page: ''
[2025-04-08 12:41:49Z INFO ProcessInvokerWrapper]   Force kill process on cancellation: 'False'
[2025-04-08 12:41:49Z INFO ProcessInvokerWrapper]   Redirected STDIN: 'False'
[2025-04-08 12:41:49Z INFO ProcessInvokerWrapper]   Persist current code page: 'False'
[2025-04-08 12:41:49Z INFO ProcessInvokerWrapper]   Keep redirected STDIN open: 'False'
[2025-04-08 12:41:49Z INFO ProcessInvokerWrapper]   High priority process: 'False'
[2025-04-08 12:41:49Z INFO ProcessInvokerWrapper] Process started with process id 4457, waiting for process exit.
[2025-04-08 12:41:49Z INFO ProcessInvokerWrapper] STDOUT/STDERR stream read finished.
[2025-04-08 12:41:49Z INFO ProcessInvokerWrapper] STDOUT/STDERR stream read finished.
[2025-04-08 12:41:50Z INFO ProcessInvokerWrapper] Finished process 4457 with exit code 0, and elapsed time 00:00:00.0467037.
[2025-04-08 12:41:50Z INFO Listener] Runner execution has finished with return code 0
