[2025-04-08 12:41:54Z INFO HostContext] No proxy settings were found based on environmental variables (http_proxy/https_proxy/HTTP_PROXY/HTTPS_PROXY)
[2025-04-08 12:41:54Z INFO HostContext] Well known directory 'Bin': '/Users/kimjueon/Desktop/develop/spring/school/actions-runner/bin'
[2025-04-08 12:41:54Z INFO HostContext] Well known directory 'Root': '/Users/kimjueon/Desktop/develop/spring/school/actions-runner'
[2025-04-08 12:41:54Z INFO HostContext] Well known config file 'Credentials': '/Users/kimjueon/Desktop/develop/spring/school/actions-runner/.credentials'
[2025-04-08 12:41:54Z INFO HostContext] Well known directory 'Bin': '/Users/kimjueon/Desktop/develop/spring/school/actions-runner/bin'
[2025-04-08 12:41:54Z INFO HostContext] Well known directory 'Root': '/Users/kimjueon/Desktop/develop/spring/school/actions-runner'
[2025-04-08 12:41:54Z INFO HostContext] Well known config file 'Runner': '/Users/kimjueon/Desktop/develop/spring/school/actions-runner/.runner'
[2025-04-08 12:41:54Z INFO Listener] Runner is built for OSX (X64) - osx-x64.
[2025-04-08 12:41:54Z INFO Listener] RuntimeInformation: Darwin 24.3.0 Darwin Kernel Version 24.3.0: Thu Jan  2 20:24:06 PST 2025; root:xnu-11215.81.4~3/RELEASE_ARM64_T8103.
[2025-04-08 12:41:54Z INFO Listener] Version: 2.323.0
[2025-04-08 12:41:54Z INFO Listener] Commit: d8b82f44a9ec0258904d5869ae683c31d5aac299
[2025-04-08 12:41:54Z INFO Listener] Culture: ko-KR
[2025-04-08 12:41:54Z INFO Listener] UI Culture: ko-KR
[2025-04-08 12:41:54Z INFO HostContext] Well known directory 'Bin': '/Users/kimjueon/Desktop/develop/spring/school/actions-runner/bin'
[2025-04-08 12:41:54Z INFO HostContext] Well known directory 'Root': '/Users/kimjueon/Desktop/develop/spring/school/actions-runner'
[2025-04-08 12:41:54Z INFO Listener] Validating directory permissions for: '/Users/kimjueon/Desktop/develop/spring/school/actions-runner'
[2025-04-08 12:41:54Z INFO CommandLineParser] Parse
[2025-04-08 12:41:54Z INFO CommandLineParser] Parsing 1 args
[2025-04-08 12:41:54Z INFO CommandLineParser] parsing argument
[2025-04-08 12:41:54Z INFO CommandLineParser] HasArgs: False
[2025-04-08 12:41:54Z INFO CommandLineParser] Adding Command: run
[2025-04-08 12:41:54Z INFO Listener] Arguments parsed
[2025-04-08 12:41:54Z INFO Runner] ExecuteCommand
[2025-04-08 12:41:54Z INFO ConfigurationStore] currentAssemblyLocation: /Users/kimjueon/Desktop/develop/spring/school/actions-runner/bin/Runner.Listener.dll
[2025-04-08 12:41:54Z INFO HostContext] Well known directory 'Bin': '/Users/kimjueon/Desktop/develop/spring/school/actions-runner/bin'
[2025-04-08 12:41:54Z INFO ConfigurationStore] binPath: /Users/kimjueon/Desktop/develop/spring/school/actions-runner/bin
[2025-04-08 12:41:54Z INFO HostContext] Well known directory 'Bin': '/Users/kimjueon/Desktop/develop/spring/school/actions-runner/bin'
[2025-04-08 12:41:54Z INFO HostContext] Well known directory 'Root': '/Users/kimjueon/Desktop/develop/spring/school/actions-runner'
[2025-04-08 12:41:54Z INFO ConfigurationStore] RootFolder: /Users/kimjueon/Desktop/develop/spring/school/actions-runner
[2025-04-08 12:41:54Z INFO HostContext] Well known directory 'Bin': '/Users/kimjueon/Desktop/develop/spring/school/actions-runner/bin'
[2025-04-08 12:41:54Z INFO HostContext] Well known directory 'Root': '/Users/kimjueon/Desktop/develop/spring/school/actions-runner'
[2025-04-08 12:41:54Z INFO HostContext] Well known config file 'Runner': '/Users/kimjueon/Desktop/develop/spring/school/actions-runner/.runner'
[2025-04-08 12:41:54Z INFO ConfigurationStore] ConfigFilePath: /Users/kimjueon/Desktop/develop/spring/school/actions-runner/.runner
[2025-04-08 12:41:54Z INFO HostContext] Well known directory 'Bin': '/Users/kimjueon/Desktop/develop/spring/school/actions-runner/bin'
[2025-04-08 12:41:54Z INFO HostContext] Well known directory 'Root': '/Users/kimjueon/Desktop/develop/spring/school/actions-runner'
[2025-04-08 12:41:54Z INFO HostContext] Well known config file 'MigratedRunner': '/Users/kimjueon/Desktop/develop/spring/school/actions-runner/.runner_migrated'
[2025-04-08 12:41:54Z INFO ConfigurationStore] MigratedConfigFilePath: /Users/kimjueon/Desktop/develop/spring/school/actions-runner/.runner_migrated
[2025-04-08 12:41:54Z INFO HostContext] Well known directory 'Bin': '/Users/kimjueon/Desktop/develop/spring/school/actions-runner/bin'
[2025-04-08 12:41:54Z INFO HostContext] Well known directory 'Root': '/Users/kimjueon/Desktop/develop/spring/school/actions-runner'
[2025-04-08 12:41:54Z INFO HostContext] Well known config file 'Credentials': '/Users/kimjueon/Desktop/develop/spring/school/actions-runner/.credentials'
[2025-04-08 12:41:54Z INFO ConfigurationStore] CredFilePath: /Users/kimjueon/Desktop/develop/spring/school/actions-runner/.credentials
[2025-04-08 12:41:54Z INFO HostContext] Well known directory 'Bin': '/Users/kimjueon/Desktop/develop/spring/school/actions-runner/bin'
[2025-04-08 12:41:54Z INFO HostContext] Well known directory 'Root': '/Users/kimjueon/Desktop/develop/spring/school/actions-runner'
[2025-04-08 12:41:54Z INFO HostContext] Well known config file 'MigratedCredentials': '/Users/kimjueon/Desktop/develop/spring/school/actions-runner/.credentials_migrated'
[2025-04-08 12:41:54Z INFO ConfigurationStore] MigratedCredFilePath: /Users/kimjueon/Desktop/develop/spring/school/actions-runner/.credentials_migrated
[2025-04-08 12:41:54Z INFO HostContext] Well known directory 'Bin': '/Users/kimjueon/Desktop/develop/spring/school/actions-runner/bin'
[2025-04-08 12:41:54Z INFO HostContext] Well known directory 'Root': '/Users/kimjueon/Desktop/develop/spring/school/actions-runner'
[2025-04-08 12:41:54Z INFO HostContext] Well known config file 'Service': '/Users/kimjueon/Desktop/develop/spring/school/actions-runner/.service'
[2025-04-08 12:41:54Z INFO ConfigurationStore] ServiceConfigFilePath: /Users/kimjueon/Desktop/develop/spring/school/actions-runner/.service
[2025-04-08 12:41:54Z INFO CommandSettings] Flag 'help': 'False'
[2025-04-08 12:41:54Z INFO CommandSettings] Flag 'version': 'False'
[2025-04-08 12:41:54Z INFO CommandSettings] Flag 'commit': 'False'
[2025-04-08 12:41:54Z INFO CommandSettings] Flag 'check': 'False'
[2025-04-08 12:41:54Z INFO CommandSettings] Command 'configure': 'False'
[2025-04-08 12:41:54Z INFO CommandSettings] Command 'remove': 'False'
[2025-04-08 12:41:54Z INFO CommandSettings] Command 'warmup': 'False'
[2025-04-08 12:41:54Z INFO ConfigurationManager] LoadSettings
[2025-04-08 12:41:54Z INFO ConfigurationStore] IsConfigured()
[2025-04-08 12:41:54Z INFO ConfigurationStore] IsConfigured: True
[2025-04-08 12:41:54Z INFO ConfigurationManager] Is configured: True
[2025-04-08 12:41:54Z INFO ConfigurationStore] Read setting file: 308 chars
[2025-04-08 12:41:54Z INFO ConfigurationManager] Settings Loaded
[2025-04-08 12:41:54Z INFO ConfigurationStore] IsServiceConfigured()
[2025-04-08 12:41:54Z INFO ConfigurationStore] IsServiceConfigured: False
[2025-04-08 12:41:54Z INFO CommandSettings] Command 'run': 'True'
[2025-04-08 12:41:54Z INFO ConfigurationStore] IsConfigured()
[2025-04-08 12:41:54Z INFO ConfigurationStore] IsConfigured: True
[2025-04-08 12:41:54Z INFO ConfigurationManager] Is configured: True
[2025-04-08 12:41:54Z INFO Runner] Could not parse the argument value '' for StartupType. Defaulting to Manual
[2025-04-08 12:41:54Z INFO Runner] Set runner startup type - Manual
[2025-04-08 12:41:54Z INFO CommandSettings] Flag 'once': 'False'
[2025-04-08 12:41:54Z INFO CommandSettings] Flag 'once': 'False'
[2025-04-08 12:41:54Z INFO Runner] RunAsync
[2025-04-08 12:41:54Z INFO ConfigurationManager] LoadSettings
[2025-04-08 12:41:54Z INFO ConfigurationStore] IsConfigured()
[2025-04-08 12:41:54Z INFO ConfigurationStore] IsConfigured: True
[2025-04-08 12:41:54Z INFO ConfigurationManager] Is configured: True
[2025-04-08 12:41:54Z INFO ConfigurationManager] Settings Loaded
[2025-04-08 12:41:54Z INFO MessageListener] {
  "AgentId": 2,
  "AgentName": "gimjueon-ui-MacBookAir",
  "PoolId": 1,
  "PoolName": "Default",
  "ServerUrl": "https://pipelinesghubeus7.actions.githubusercontent.com/UQKnWzd0pI6BaoIz4c69l9TIIyfJ081FqFQ4LRjZSOgSB6VknE/",
  "GitHubUrl": "https://github.com/jueon-kim/ncmnschool",
  "WorkFolder": "_work"
}
[2025-04-08 12:41:54Z INFO MessageListener] Loading Credentials
[2025-04-08 12:41:54Z INFO ConfigurationStore] HasCredentials()
[2025-04-08 12:41:54Z INFO ConfigurationStore] stored True
[2025-04-08 12:41:54Z INFO CredentialManager] GetCredentialProvider
[2025-04-08 12:41:54Z INFO CredentialManager] Creating type OAuth
[2025-04-08 12:41:54Z INFO CredentialManager] Creating credential type: OAuth
[2025-04-08 12:41:54Z INFO HostContext] Well known directory 'Bin': '/Users/kimjueon/Desktop/develop/spring/school/actions-runner/bin'
[2025-04-08 12:41:54Z INFO HostContext] Well known directory 'Root': '/Users/kimjueon/Desktop/develop/spring/school/actions-runner'
[2025-04-08 12:41:54Z INFO HostContext] Well known config file 'RSACredentials': '/Users/kimjueon/Desktop/develop/spring/school/actions-runner/.credentials_rsaparams'
[2025-04-08 12:41:54Z INFO RSAFileKeyManager] Loading RSA key parameters from file /Users/kimjueon/Desktop/develop/spring/school/actions-runner/.credentials_rsaparams
[2025-04-08 12:41:54Z INFO MessageListener] Attempt to create session.
[2025-04-08 12:41:54Z INFO MessageListener] Connecting to the Runner Server...
[2025-04-08 12:41:54Z INFO RunnerServer] EstablishVssConnection
[2025-04-08 12:41:54Z INFO RunnerServer] Establish connection with 100 seconds timeout.
[2025-04-08 12:41:55Z INFO GitHubActionsService] Starting operation Location.GetConnectionData
[2025-04-08 12:41:55Z INFO RunnerServer] EstablishVssConnection
[2025-04-08 12:41:55Z INFO RunnerServer] Establish connection with 60 seconds timeout.
[2025-04-08 12:41:55Z INFO GitHubActionsService] Starting operation Location.GetConnectionData
[2025-04-08 12:41:55Z INFO RunnerServer] EstablishVssConnection
[2025-04-08 12:41:55Z INFO RunnerServer] Establish connection with 60 seconds timeout.
[2025-04-08 12:41:55Z INFO GitHubActionsService] Starting operation Location.GetConnectionData
[2025-04-08 12:41:56Z INFO GitHubActionsService] Finished operation Location.GetConnectionData
[2025-04-08 12:41:56Z INFO GitHubActionsService] Finished operation Location.GetConnectionData
[2025-04-08 12:41:56Z INFO GitHubActionsService] Finished operation Location.GetConnectionData
[2025-04-08 12:41:56Z INFO MessageListener] VssConnection created
[2025-04-08 12:41:56Z INFO Terminal] WRITE LINE: 
[2025-04-08 12:41:56Z INFO Terminal] WRITE LINE: 
[2025-04-08 12:41:56Z INFO RSAFileKeyManager] Loading RSA key parameters from file /Users/kimjueon/Desktop/develop/spring/school/actions-runner/.credentials_rsaparams
[2025-04-08 12:41:56Z INFO RSAFileKeyManager] Loading RSA key parameters from file /Users/kimjueon/Desktop/develop/spring/school/actions-runner/.credentials_rsaparams
[2025-04-08 12:41:57Z INFO GitHubActionsService] AAD Correlation ID for this token request: Unknown
[2025-04-08 12:41:57Z INFO MessageListener] Session created.
[2025-04-08 12:41:57Z INFO Terminal] WRITE LINE: Current runner version: '2.323.0'
[2025-04-08 12:41:57Z INFO Terminal] WRITE LINE: 2025-04-08 12:41:57Z: Listening for Jobs
[2025-04-08 12:41:57Z INFO JobDispatcher] Set runner/worker IPC timeout to 30 seconds.
[2025-04-08 12:41:57Z INFO RSAFileKeyManager] Loading RSA key parameters from file /Users/kimjueon/Desktop/develop/spring/school/actions-runner/.credentials_rsaparams
[2025-04-08 12:41:58Z INFO GitHubActionsService] AAD Correlation ID for this token request: Unknown
[2025-04-08 13:12:17Z INFO MessageListener] No message retrieved from session '938c8373-5277-4707-8be6-eaa62eb06789' within last 30 minutes.
[2025-04-08 13:32:30Z INFO RSAFileKeyManager] Loading RSA key parameters from file /Users/kimjueon/Desktop/develop/spring/school/actions-runner/.credentials_rsaparams
[2025-04-08 13:32:31Z INFO GitHubActionsService] AAD Correlation ID for this token request: Unknown
[2025-04-08 13:37:34Z INFO RSAFileKeyManager] Loading RSA key parameters from file /Users/kimjueon/Desktop/develop/spring/school/actions-runner/.credentials_rsaparams
[2025-04-08 13:37:35Z INFO GitHubActionsService] AAD Correlation ID for this token request: Unknown
[2025-04-08 13:42:38Z INFO MessageListener] No message retrieved from session '938c8373-5277-4707-8be6-eaa62eb06789' within last 30 minutes.
[2025-04-08 14:12:56Z INFO MessageListener] No message retrieved from session '938c8373-5277-4707-8be6-eaa62eb06789' within last 30 minutes.
[2025-04-08 14:23:03Z INFO RSAFileKeyManager] Loading RSA key parameters from file /Users/kimjueon/Desktop/develop/spring/school/actions-runner/.credentials_rsaparams
[2025-04-08 14:23:04Z INFO GitHubActionsService] AAD Correlation ID for this token request: Unknown
[2025-04-08 14:33:09Z INFO RSAFileKeyManager] Loading RSA key parameters from file /Users/kimjueon/Desktop/develop/spring/school/actions-runner/.credentials_rsaparams
[2025-04-08 14:33:10Z INFO GitHubActionsService] AAD Correlation ID for this token request: Unknown
